C:\Users\maganv\Documents\Visual Studio 2010\Projects\class-sample\class-sample\Debug\cl.command.1.tlog
C:\Users\maganv\Documents\Visual Studio 2010\Projects\class-sample\class-sample\Debug\CL.read.1.tlog
C:\Users\maganv\Documents\Visual Studio 2010\Projects\class-sample\class-sample\Debug\CL.write.1.tlog
C:\USERS\MAGANV\DOCUMENTS\VISUAL STUDIO 2010\PROJECTS\CLASS-SAMPLE\CLASS-SAMPLE\DEBUG\CLASS-SAMPLE.EXE.EMBED.MANIFEST
C:\USERS\MAGANV\DOCUMENTS\VISUAL STUDIO 2010\PROJECTS\CLASS-SAMPLE\CLASS-SAMPLE\DEBUG\CLASS-SAMPLE.EXE.EMBED.MANIFEST.RES
C:\USERS\MAGANV\DOCUMENTS\VISUAL STUDIO 2010\PROJECTS\CLASS-SAMPLE\CLASS-SAMPLE\DEBUG\CLASS-SAMPLE.EXE.INTERMEDIATE.MANIFEST
C:\USERS\MAGANV\DOCUMENTS\VISUAL STUDIO 2010\PROJECTS\CLASS-SAMPLE\CLASS-SAMPLE\DEBUG\CLASS-SAMPLE.OBJ
C:\USERS\MAGANV\DOCUMENTS\VISUAL STUDIO 2010\PROJECTS\CLASS-SAMPLE\CLASS-SAMPLE\DEBUG\CLASS-SAMPLE.PCH
C:\Users\maganv\Documents\Visual Studio 2010\Projects\class-sample\class-sample\Debug\class-sample_manifest.rc
C:\Users\maganv\Documents\Visual Studio 2010\Projects\class-sample\class-sample\Debug\link.10004.read.1.tlog
C:\Users\maganv\Documents\Visual Studio 2010\Projects\class-sample\class-sample\Debug\link.10004.write.1.tlog
C:\Users\maganv\Documents\Visual Studio 2010\Projects\class-sample\class-sample\Debug\link.10004-cvtres.read.1.tlog
C:\Users\maganv\Documents\Visual Studio 2010\Projects\class-sample\class-sample\Debug\link.10004-cvtres.write.1.tlog
C:\Users\maganv\Documents\Visual Studio 2010\Projects\class-sample\class-sample\Debug\link.3096.read.1.tlog
C:\Users\maganv\Documents\Visual Studio 2010\Projects\class-sample\class-sample\Debug\link.3096.write.1.tlog
C:\Users\maganv\Documents\Visual Studio 2010\Projects\class-sample\class-sample\Debug\link.3096-cvtres.read.1.tlog
C:\Users\maganv\Documents\Visual Studio 2010\Projects\class-sample\class-sample\Debug\link.3096-cvtres.write.1.tlog
C:\Users\maganv\Documents\Visual Studio 2010\Projects\class-sample\class-sample\Debug\link.5376.read.1.tlog
C:\Users\maganv\Documents\Visual Studio 2010\Projects\class-sample\class-sample\Debug\link.5376.write.1.tlog
C:\Users\maganv\Documents\Visual Studio 2010\Projects\class-sample\class-sample\Debug\link.5376-cvtres.read.1.tlog
C:\Users\maganv\Documents\Visual Studio 2010\Projects\class-sample\class-sample\Debug\link.5376-cvtres.write.1.tlog
C:\Users\maganv\Documents\Visual Studio 2010\Projects\class-sample\class-sample\Debug\link.5732.read.1.tlog
C:\Users\maganv\Documents\Visual Studio 2010\Projects\class-sample\class-sample\Debug\link.5732.write.1.tlog
C:\Users\maganv\Documents\Visual Studio 2010\Projects\class-sample\class-sample\Debug\link.5732-cvtres.read.1.tlog
C:\Users\maganv\Documents\Visual Studio 2010\Projects\class-sample\class-sample\Debug\link.5732-cvtres.write.1.tlog
C:\Users\maganv\Documents\Visual Studio 2010\Projects\class-sample\class-sample\Debug\link.5772.read.1.tlog
C:\Users\maganv\Documents\Visual Studio 2010\Projects\class-sample\class-sample\Debug\link.5772.write.1.tlog
C:\Users\maganv\Documents\Visual Studio 2010\Projects\class-sample\class-sample\Debug\link.5772-cvtres.read.1.tlog
C:\Users\maganv\Documents\Visual Studio 2010\Projects\class-sample\class-sample\Debug\link.5772-cvtres.write.1.tlog
C:\Users\maganv\Documents\Visual Studio 2010\Projects\class-sample\class-sample\Debug\link.6864.read.1.tlog
C:\Users\maganv\Documents\Visual Studio 2010\Projects\class-sample\class-sample\Debug\link.6864.write.1.tlog
C:\Users\maganv\Documents\Visual Studio 2010\Projects\class-sample\class-sample\Debug\link.6864-cvtres.read.1.tlog
C:\Users\maganv\Documents\Visual Studio 2010\Projects\class-sample\class-sample\Debug\link.6864-cvtres.write.1.tlog
C:\Users\maganv\Documents\Visual Studio 2010\Projects\class-sample\class-sample\Debug\link.8548.read.1.tlog
C:\Users\maganv\Documents\Visual Studio 2010\Projects\class-sample\class-sample\Debug\link.8548.write.1.tlog
C:\Users\maganv\Documents\Visual Studio 2010\Projects\class-sample\class-sample\Debug\link.8548-cvtres.read.1.tlog
C:\Users\maganv\Documents\Visual Studio 2010\Projects\class-sample\class-sample\Debug\link.8548-cvtres.write.1.tlog
C:\Users\maganv\Documents\Visual Studio 2010\Projects\class-sample\class-sample\Debug\link.8552.read.1.tlog
C:\Users\maganv\Documents\Visual Studio 2010\Projects\class-sample\class-sample\Debug\link.8552.write.1.tlog
C:\Users\maganv\Documents\Visual Studio 2010\Projects\class-sample\class-sample\Debug\link.8552-cvtres.read.1.tlog
C:\Users\maganv\Documents\Visual Studio 2010\Projects\class-sample\class-sample\Debug\link.8552-cvtres.write.1.tlog
C:\Users\maganv\Documents\Visual Studio 2010\Projects\class-sample\class-sample\Debug\link.8588.read.1.tlog
C:\Users\maganv\Documents\Visual Studio 2010\Projects\class-sample\class-sample\Debug\link.8588.write.1.tlog
C:\Users\maganv\Documents\Visual Studio 2010\Projects\class-sample\class-sample\Debug\link.8588-cvtres.read.1.tlog
C:\Users\maganv\Documents\Visual Studio 2010\Projects\class-sample\class-sample\Debug\link.8588-cvtres.write.1.tlog
C:\Users\maganv\Documents\Visual Studio 2010\Projects\class-sample\class-sample\Debug\link.command.1.tlog
C:\Users\maganv\Documents\Visual Studio 2010\Projects\class-sample\class-sample\Debug\link.read.1.tlog
C:\Users\maganv\Documents\Visual Studio 2010\Projects\class-sample\class-sample\Debug\link.write.1.tlog
C:\Users\maganv\Documents\Visual Studio 2010\Projects\class-sample\class-sample\Debug\link-cvtres.read.1.tlog
C:\Users\maganv\Documents\Visual Studio 2010\Projects\class-sample\class-sample\Debug\link-cvtres.write.1.tlog
C:\Users\maganv\Documents\Visual Studio 2010\Projects\class-sample\class-sample\Debug\mt.command.1.tlog
C:\Users\maganv\Documents\Visual Studio 2010\Projects\class-sample\class-sample\Debug\mt.read.1.tlog
C:\Users\maganv\Documents\Visual Studio 2010\Projects\class-sample\class-sample\Debug\mt.write.1.tlog
C:\Users\maganv\Documents\Visual Studio 2010\Projects\class-sample\class-sample\Debug\rc.command.1.tlog
C:\Users\maganv\Documents\Visual Studio 2010\Projects\class-sample\class-sample\Debug\rc.read.1.tlog
C:\Users\maganv\Documents\Visual Studio 2010\Projects\class-sample\class-sample\Debug\rc.write.1.tlog
C:\USERS\MAGANV\DOCUMENTS\VISUAL STUDIO 2010\PROJECTS\CLASS-SAMPLE\CLASS-SAMPLE\DEBUG\STDAFX.OBJ
C:\Users\maganv\Documents\Visual Studio 2010\Projects\class-sample\class-sample\Debug\vc100.idb
C:\USERS\MAGANV\DOCUMENTS\VISUAL STUDIO 2010\PROJECTS\CLASS-SAMPLE\CLASS-SAMPLE\DEBUG\VC100.PDB
C:\USERS\MAGANV\DOCUMENTS\VISUAL STUDIO 2010\PROJECTS\CLASS-SAMPLE\DEBUG\CLASS-SAMPLE.EXE
C:\USERS\MAGANV\DOCUMENTS\VISUAL STUDIO 2010\PROJECTS\CLASS-SAMPLE\DEBUG\CLASS-SAMPLE.ILK
C:\USERS\MAGANV\DOCUMENTS\VISUAL STUDIO 2010\PROJECTS\CLASS-SAMPLE\DEBUG\CLASS-SAMPLE.PDB
