c:\users\vmagana\documents\visual studio 2010\projects\hash\hash\debug\hash.pch
c:\users\vmagana\documents\visual studio 2010\projects\hash\hash\debug\stdafx.obj
c:\users\vmagana\documents\visual studio 2010\projects\hash\hash\debug\vc100.pdb
c:\users\vmagana\documents\visual studio 2010\projects\hash\hash\debug\hash.obj
c:\users\vmagana\documents\visual studio 2010\projects\hash\debug\hash.ilk
c:\users\vmagana\documents\visual studio 2010\projects\hash\debug\hash.exe
c:\users\vmagana\documents\visual studio 2010\projects\hash\hash\debug\hash.exe.intermediate.manifest
c:\users\vmagana\documents\visual studio 2010\projects\hash\debug\hash.pdb
c:\users\vmagana\documents\visual studio 2010\projects\hash\hash\debug\hash.exe.embed.manifest
c:\users\vmagana\documents\visual studio 2010\projects\hash\hash\debug\hash.exe.embed.manifest.res
c:\users\victor\desktop\visual studio 2010 projects\hash\hash\debug\hash.vcxprojresolveassemblyreference.cache
c:\users\victor\desktop\visual studio 2010 projects\hash\hash\debug\hash.obj
c:\users\victor\desktop\visual studio 2010 projects\hash\hash\debug\stdafx.obj
c:\users\victor\desktop\visual studio 2010 projects\hash\hash\debug\cl.command.1.tlog
c:\users\victor\desktop\visual studio 2010 projects\hash\hash\debug\cl.read.1.tlog
c:\users\victor\desktop\visual studio 2010 projects\hash\hash\debug\cl.write.1.tlog
c:\users\victor\desktop\visual studio 2010 projects\hash\hash\debug\hash.write.1.tlog
c:\users\victor\desktop\visual studio 2010 projects\hash\hash\debug\link-cvtres.read.1.tlog
c:\users\victor\desktop\visual studio 2010 projects\hash\hash\debug\link-cvtres.write.1.tlog
c:\users\victor\desktop\visual studio 2010 projects\hash\hash\debug\link.7148-cvtres.read.1.tlog
c:\users\victor\desktop\visual studio 2010 projects\hash\hash\debug\link.7148-cvtres.write.1.tlog
c:\users\victor\desktop\visual studio 2010 projects\hash\hash\debug\link.7148.read.1.tlog
c:\users\victor\desktop\visual studio 2010 projects\hash\hash\debug\link.7148.write.1.tlog
c:\users\victor\desktop\visual studio 2010 projects\hash\hash\debug\link.command.1.tlog
c:\users\victor\desktop\visual studio 2010 projects\hash\hash\debug\link.read.1.tlog
c:\users\victor\desktop\visual studio 2010 projects\hash\hash\debug\link.write.1.tlog
c:\users\victor\desktop\visual studio 2010 projects\hash\hash\debug\mt.command.1.tlog
c:\users\victor\desktop\visual studio 2010 projects\hash\hash\debug\mt.read.1.tlog
c:\users\victor\desktop\visual studio 2010 projects\hash\hash\debug\mt.write.1.tlog
c:\users\victor\desktop\visual studio 2010 projects\hash\hash\debug\rc.command.1.tlog
c:\users\victor\desktop\visual studio 2010 projects\hash\hash\debug\rc.read.1.tlog
c:\users\victor\desktop\visual studio 2010 projects\hash\hash\debug\rc.write.1.tlog
c:\users\victor\desktop\visual studio 2010 projects\hash\hash\debug\hash.exe.embed.manifest
c:\users\victor\desktop\visual studio 2010 projects\hash\hash\debug\hash.exe.intermediate.manifest
c:\users\victor\desktop\visual studio 2010 projects\hash\hash\debug\hash.exe.embed.manifest.res
c:\users\victor\desktop\visual studio 2010 projects\hash\hash\debug\hash.pch
c:\users\victor\desktop\visual studio 2010 projects\hash\hash\debug\vc100.idb
c:\users\victor\desktop\visual studio 2010 projects\hash\hash\debug\vc100.pdb
c:\users\victor\desktop\visual studio 2010 projects\hash\hash\debug\hash_manifest.rc
c:\users\victor\desktop\visual studio 2010 projects\hash\debug\hash.pdb
c:\users\victor\desktop\visual studio 2010 projects\hash\debug\hash.exe
c:\users\victor\desktop\visual studio 2010 projects\hash\debug\hash.ilk
