Build started 5/19/2016 6:49:26 PM.
     1>Project "C:\Users\maganv\Documents\Visual Studio 2010\Projects\VirtualFunctions\VirtualFunctions\VirtualFunctions.vcxproj" on node 2 (rebuild target(s)).
     1>_PrepareForClean:
         Deleting file "Debug\VirtualFunctions.lastbuildstate".
       InitializeBuildStatus:
         Creating "Debug\VirtualFunctions.unsuccessfulbuild" because "AlwaysCreate" was specified.
       ClCompile:
         C:\Program Files (x86)\Microsoft Visual Studio 10.0\VC\bin\CL.exe /c /ZI /nologo /W3 /WX- /Od /Oy- /D WIN32 /D _DEBUG /D _CONSOLE /D _UNICODE /D UNICODE /Gm /EHsc /RTC1 /MDd /GS /fp:precise /Zc:wchar_t /Zc:forScope /Yc"StdAfx.h" /Fp"Debug\VirtualFunctions.pch" /Fo"Debug\\" /Fd"Debug\vc100.pdb" /Gd /TP /analyze- /errorReport:prompt stdafx.cpp
         stdafx.cpp
         C:\Program Files (x86)\Microsoft Visual Studio 10.0\VC\bin\CL.exe /c /ZI /nologo /W3 /WX- /Od /Oy- /D WIN32 /D _DEBUG /D _CONSOLE /D _UNICODE /D UNICODE /Gm /EHsc /RTC1 /MDd /GS /fp:precise /Zc:wchar_t /Zc:forScope /Yu"StdAfx.h" /Fp"Debug\VirtualFunctions.pch" /Fo"Debug\\" /Fd"Debug\vc100.pdb" /Gd /TP /analyze- /errorReport:prompt VirtualFunctions.cpp
         VirtualFunctions.cpp
       ManifestResourceCompile:
         C:\Program Files (x86)\Microsoft SDKs\Windows\v7.0A\bin\rc.exe /nologo /fo"Debug\VirtualFunctions.exe.embed.manifest.res" Debug\VirtualFunctions_manifest.rc 
       Link:
         C:\Program Files (x86)\Microsoft Visual Studio 10.0\VC\bin\link.exe /ERRORREPORT:PROMPT /OUT:"C:\Users\maganv\Documents\Visual Studio 2010\Projects\VirtualFunctions\Debug\VirtualFunctions.exe" /INCREMENTAL /NOLOGO kernel32.lib user32.lib gdi32.lib winspool.lib comdlg32.lib advapi32.lib shell32.lib ole32.lib oleaut32.lib uuid.lib odbc32.lib odbccp32.lib /MANIFEST /ManifestFile:"Debug\VirtualFunctions.exe.intermediate.manifest" /MANIFESTUAC:"level='asInvoker' uiAccess='false'" /DEBUG /PDB:"C:\Users\maganv\Documents\Visual Studio 2010\Projects\VirtualFunctions\Debug\VirtualFunctions.pdb" /SUBSYSTEM:CONSOLE /TLBID:1 /DYNAMICBASE /NXCOMPAT /IMPLIB:"C:\Users\maganv\Documents\Visual Studio 2010\Projects\VirtualFunctions\Debug\VirtualFunctions.lib" /MACHINE:X86 Debug\VirtualFunctions.exe.embed.manifest.res
         Debug\stdafx.obj
         Debug\VirtualFunctions.obj
     1>MSVCRTD.lib(crtexe.obj) : error LNK2019: unresolved external symbol _main referenced in function ___tmainCRTStartup
     1>C:\Users\maganv\Documents\Visual Studio 2010\Projects\VirtualFunctions\Debug\VirtualFunctions.exe : fatal error LNK1120: 1 unresolved externals
     1>Done Building Project "C:\Users\maganv\Documents\Visual Studio 2010\Projects\VirtualFunctions\VirtualFunctions\VirtualFunctions.vcxproj" (rebuild target(s)) -- FAILED.

Build FAILED.

Time Elapsed 00:00:05.07
