C:\USERS\MAGANV\DOCUMENTS\VISUAL STUDIO 2010\PROJECTS\VIRTUALFUNCTIONS\DEBUG\VIRTUALFUNCTIONS.EXE
C:\USERS\MAGANV\DOCUMENTS\VISUAL STUDIO 2010\PROJECTS\VIRTUALFUNCTIONS\DEBUG\VIRTUALFUNCTIONS.ILK
C:\USERS\MAGANV\DOCUMENTS\VISUAL STUDIO 2010\PROJECTS\VIRTUALFUNCTIONS\DEBUG\VIRTUALFUNCTIONS.PDB
C:\Users\maganv\Documents\Visual Studio 2010\Projects\VirtualFunctions\VirtualFunctions\Debug\cl.command.1.tlog
C:\Users\maganv\Documents\Visual Studio 2010\Projects\VirtualFunctions\VirtualFunctions\Debug\CL.read.1.tlog
C:\Users\maganv\Documents\Visual Studio 2010\Projects\VirtualFunctions\VirtualFunctions\Debug\CL.write.1.tlog
C:\Users\maganv\Documents\Visual Studio 2010\Projects\VirtualFunctions\VirtualFunctions\Debug\link.3728.read.1.tlog
C:\Users\maganv\Documents\Visual Studio 2010\Projects\VirtualFunctions\VirtualFunctions\Debug\link.3728.read.2.tlog
C:\Users\maganv\Documents\Visual Studio 2010\Projects\VirtualFunctions\VirtualFunctions\Debug\link.3728.write.1.tlog
C:\Users\maganv\Documents\Visual Studio 2010\Projects\VirtualFunctions\VirtualFunctions\Debug\link.3728-cvtres.read.1.tlog
C:\Users\maganv\Documents\Visual Studio 2010\Projects\VirtualFunctions\VirtualFunctions\Debug\link.3728-cvtres.write.1.tlog
C:\Users\maganv\Documents\Visual Studio 2010\Projects\VirtualFunctions\VirtualFunctions\Debug\link.command.1.tlog
C:\Users\maganv\Documents\Visual Studio 2010\Projects\VirtualFunctions\VirtualFunctions\Debug\link.read.1.tlog
C:\Users\maganv\Documents\Visual Studio 2010\Projects\VirtualFunctions\VirtualFunctions\Debug\link.read.2.tlog
C:\Users\maganv\Documents\Visual Studio 2010\Projects\VirtualFunctions\VirtualFunctions\Debug\link.write.1.tlog
C:\Users\maganv\Documents\Visual Studio 2010\Projects\VirtualFunctions\VirtualFunctions\Debug\link-cvtres.read.1.tlog
C:\Users\maganv\Documents\Visual Studio 2010\Projects\VirtualFunctions\VirtualFunctions\Debug\link-cvtres.write.1.tlog
C:\Users\maganv\Documents\Visual Studio 2010\Projects\VirtualFunctions\VirtualFunctions\Debug\mt.command.1.tlog
C:\Users\maganv\Documents\Visual Studio 2010\Projects\VirtualFunctions\VirtualFunctions\Debug\mt.read.1.tlog
C:\Users\maganv\Documents\Visual Studio 2010\Projects\VirtualFunctions\VirtualFunctions\Debug\mt.read.2.tlog
C:\Users\maganv\Documents\Visual Studio 2010\Projects\VirtualFunctions\VirtualFunctions\Debug\mt.write.1.tlog
C:\Users\maganv\Documents\Visual Studio 2010\Projects\VirtualFunctions\VirtualFunctions\Debug\rc.command.1.tlog
C:\Users\maganv\Documents\Visual Studio 2010\Projects\VirtualFunctions\VirtualFunctions\Debug\rc.read.1.tlog
C:\Users\maganv\Documents\Visual Studio 2010\Projects\VirtualFunctions\VirtualFunctions\Debug\rc.read.2.tlog
C:\Users\maganv\Documents\Visual Studio 2010\Projects\VirtualFunctions\VirtualFunctions\Debug\rc.write.1.tlog
C:\USERS\MAGANV\DOCUMENTS\VISUAL STUDIO 2010\PROJECTS\VIRTUALFUNCTIONS\VIRTUALFUNCTIONS\DEBUG\STDAFX.OBJ
C:\Users\maganv\Documents\Visual Studio 2010\Projects\VirtualFunctions\VirtualFunctions\Debug\vc100.idb
C:\USERS\MAGANV\DOCUMENTS\VISUAL STUDIO 2010\PROJECTS\VIRTUALFUNCTIONS\VIRTUALFUNCTIONS\DEBUG\VC100.PDB
C:\USERS\MAGANV\DOCUMENTS\VISUAL STUDIO 2010\PROJECTS\VIRTUALFUNCTIONS\VIRTUALFUNCTIONS\DEBUG\VIRTUALFUNCTIONS.EXE.EMBED.MANIFEST
C:\USERS\MAGANV\DOCUMENTS\VISUAL STUDIO 2010\PROJECTS\VIRTUALFUNCTIONS\VIRTUALFUNCTIONS\DEBUG\VIRTUALFUNCTIONS.EXE.EMBED.MANIFEST.RES
C:\USERS\MAGANV\DOCUMENTS\VISUAL STUDIO 2010\PROJECTS\VIRTUALFUNCTIONS\VIRTUALFUNCTIONS\DEBUG\VIRTUALFUNCTIONS.EXE.INTERMEDIATE.MANIFEST
C:\USERS\MAGANV\DOCUMENTS\VISUAL STUDIO 2010\PROJECTS\VIRTUALFUNCTIONS\VIRTUALFUNCTIONS\DEBUG\VIRTUALFUNCTIONS.OBJ
C:\USERS\MAGANV\DOCUMENTS\VISUAL STUDIO 2010\PROJECTS\VIRTUALFUNCTIONS\VIRTUALFUNCTIONS\DEBUG\VIRTUALFUNCTIONS.PCH
C:\Users\maganv\Documents\Visual Studio 2010\Projects\VirtualFunctions\VirtualFunctions\Debug\VirtualFunctions_manifest.rc
