Build started 8/9/2016 4:58:31 PM.
     1>Project "c:\Users\vmagana\documents\visual studio 2010\Projects\toggle-bits\toggle-bits\toggle-bits.vcxproj" on node 2 (build target(s)).
     1>InitializeBuildStatus:
         Creating "Debug\toggle-bits.unsuccessfulbuild" because "AlwaysCreate" was specified.
       ClCompile:
         All outputs are up-to-date.
         C:\Program Files (x86)\Microsoft Visual Studio 10.0\VC\bin\CL.exe /c /ZI /nologo /W3 /WX- /Od /Oy- /D WIN32 /D _DEBUG /D _CONSOLE /D _UNICODE /D UNICODE /Gm /EHsc /RTC1 /MDd /GS /fp:precise /Zc:wchar_t /Zc:forScope /Yu"StdAfx.h" /Fp"Debug\toggle-bits.pch" /Fo"Debug\\" /Fd"Debug\vc100.pdb" /Gd /TP /analyze- /errorReport:prompt "toggle-bits.cpp"
         toggle-bits.cpp
       ManifestResourceCompile:
         All outputs are up-to-date.
       Link:
         C:\Program Files (x86)\Microsoft Visual Studio 10.0\VC\bin\link.exe /ERRORREPORT:PROMPT /OUT:"c:\users\vmagana\documents\visual studio 2010\Projects\toggle-bits\Debug\toggle-bits.exe" /INCREMENTAL /NOLOGO kernel32.lib user32.lib gdi32.lib winspool.lib comdlg32.lib advapi32.lib shell32.lib ole32.lib oleaut32.lib uuid.lib odbc32.lib odbccp32.lib /MANIFEST /ManifestFile:"Debug\toggle-bits.exe.intermediate.manifest" /MANIFESTUAC:"level='asInvoker' uiAccess='false'" /DEBUG /PDB:"c:\users\vmagana\documents\visual studio 2010\Projects\toggle-bits\Debug\toggle-bits.pdb" /SUBSYSTEM:CONSOLE /TLBID:1 /DYNAMICBASE /NXCOMPAT /IMPLIB:"c:\users\vmagana\documents\visual studio 2010\Projects\toggle-bits\Debug\toggle-bits.lib" /MACHINE:X86 "Debug\toggle-bits.exe.embed.manifest.res"
         Debug\stdafx.obj
         "Debug\toggle-bits.obj"
       Manifest:
         C:\Program Files (x86)\Microsoft SDKs\Windows\v7.0A\bin\mt.exe /nologo /verbose /out:"Debug\toggle-bits.exe.embed.manifest" /manifest "Debug\toggle-bits.exe.intermediate.manifest"
         All outputs are up-to-date.
       LinkEmbedManifest:
         All outputs are up-to-date.
         toggle-bits.vcxproj -> c:\users\vmagana\documents\visual studio 2010\Projects\toggle-bits\Debug\toggle-bits.exe
       FinalizeBuildStatus:
         Deleting file "Debug\toggle-bits.unsuccessfulbuild".
         Touching "Debug\toggle-bits.lastbuildstate".
     1>Done Building Project "c:\Users\vmagana\documents\visual studio 2010\Projects\toggle-bits\toggle-bits\toggle-bits.vcxproj" (build target(s)).

Build succeeded.

Time Elapsed 00:00:01.04
