Build started 8/31/2016 8:50:36 PM.
     1>Project "C:\Users\vmagana\Documents\Visual Studio 2010\Projects\wire_signal\wire_signal\wire_signal.vcxproj" on node 2 (build target(s)).
     1>InitializeBuildStatus:
         Creating "Debug\wire_signal.unsuccessfulbuild" because "AlwaysCreate" was specified.
       ClCompile:
         All outputs are up-to-date.
         C:\Program Files (x86)\Microsoft Visual Studio 10.0\VC\bin\CL.exe /c /ZI /nologo /W3 /WX- /Od /Oy- /D WIN32 /D _DEBUG /D _CONSOLE /D _UNICODE /D UNICODE /Gm /EHsc /RTC1 /MDd /GS /fp:precise /Zc:wchar_t /Zc:forScope /Yu"StdAfx.h" /Fp"Debug\wire_signal.pch" /Fo"Debug\\" /Fd"Debug\vc100.pdb" /Gd /TP /analyze- /errorReport:prompt wire_signal.cpp
         wire_signal.cpp
       ManifestResourceCompile:
         All outputs are up-to-date.
       Link:
         C:\Program Files (x86)\Microsoft Visual Studio 10.0\VC\bin\link.exe /ERRORREPORT:PROMPT /OUT:"C:\Users\vmagana\Documents\Visual Studio 2010\Projects\wire_signal\Debug\wire_signal.exe" /INCREMENTAL /NOLOGO kernel32.lib user32.lib gdi32.lib winspool.lib comdlg32.lib advapi32.lib shell32.lib ole32.lib oleaut32.lib uuid.lib odbc32.lib odbccp32.lib /MANIFEST /ManifestFile:"Debug\wire_signal.exe.intermediate.manifest" /MANIFESTUAC:"level='asInvoker' uiAccess='false'" /DEBUG /PDB:"C:\Users\vmagana\Documents\Visual Studio 2010\Projects\wire_signal\Debug\wire_signal.pdb" /SUBSYSTEM:CONSOLE /TLBID:1 /DYNAMICBASE /NXCOMPAT /IMPLIB:"C:\Users\vmagana\Documents\Visual Studio 2010\Projects\wire_signal\Debug\wire_signal.lib" /MACHINE:X86 Debug\wire_signal.exe.embed.manifest.res
         Debug\stdafx.obj
         Debug\wire_signal.obj
       Manifest:
         C:\Program Files (x86)\Microsoft SDKs\Windows\v7.0A\bin\mt.exe /nologo /verbose /out:"Debug\wire_signal.exe.embed.manifest" /manifest Debug\wire_signal.exe.intermediate.manifest
         All outputs are up-to-date.
       LinkEmbedManifest:
         All outputs are up-to-date.
         wire_signal.vcxproj -> C:\Users\vmagana\Documents\Visual Studio 2010\Projects\wire_signal\Debug\wire_signal.exe
       FinalizeBuildStatus:
         Deleting file "Debug\wire_signal.unsuccessfulbuild".
         Touching "Debug\wire_signal.lastbuildstate".
     1>Done Building Project "C:\Users\vmagana\Documents\Visual Studio 2010\Projects\wire_signal\wire_signal\wire_signal.vcxproj" (build target(s)).

Build succeeded.

Time Elapsed 00:00:02.10
