c:\Users\maganv\documents\visual studio 2010\Projects\classobject\classobject\Debug\cl.command.1.tlog
c:\Users\maganv\documents\visual studio 2010\Projects\classobject\classobject\Debug\CL.read.1.tlog
c:\Users\maganv\documents\visual studio 2010\Projects\classobject\classobject\Debug\CL.write.1.tlog
C:\USERS\MAGANV\DOCUMENTS\VISUAL STUDIO 2010\PROJECTS\CLASSOBJECT\CLASSOBJECT\DEBUG\CLASSOBJECT.EXE.EMBED.MANIFEST
C:\USERS\MAGANV\DOCUMENTS\VISUAL STUDIO 2010\PROJECTS\CLASSOBJECT\CLASSOBJECT\DEBUG\CLASSOBJECT.EXE.EMBED.MANIFEST.RES
C:\USERS\MAGANV\DOCUMENTS\VISUAL STUDIO 2010\PROJECTS\CLASSOBJECT\CLASSOBJECT\DEBUG\CLASSOBJECT.EXE.INTERMEDIATE.MANIFEST
C:\USERS\MAGANV\DOCUMENTS\VISUAL STUDIO 2010\PROJECTS\CLASSOBJECT\CLASSOBJECT\DEBUG\CLASSOBJECT.OBJ
C:\USERS\MAGANV\DOCUMENTS\VISUAL STUDIO 2010\PROJECTS\CLASSOBJECT\CLASSOBJECT\DEBUG\CLASSOBJECT.PCH
c:\Users\maganv\documents\visual studio 2010\Projects\classobject\classobject\Debug\classobject_manifest.rc
c:\Users\maganv\documents\visual studio 2010\Projects\classobject\classobject\Debug\link.6444.read.1.tlog
c:\Users\maganv\documents\visual studio 2010\Projects\classobject\classobject\Debug\link.6444.write.1.tlog
c:\Users\maganv\documents\visual studio 2010\Projects\classobject\classobject\Debug\link.6444-cvtres.read.1.tlog
c:\Users\maganv\documents\visual studio 2010\Projects\classobject\classobject\Debug\link.6444-cvtres.write.1.tlog
c:\Users\maganv\documents\visual studio 2010\Projects\classobject\classobject\Debug\link.command.1.tlog
c:\Users\maganv\documents\visual studio 2010\Projects\classobject\classobject\Debug\link.read.1.tlog
c:\Users\maganv\documents\visual studio 2010\Projects\classobject\classobject\Debug\link.write.1.tlog
c:\Users\maganv\documents\visual studio 2010\Projects\classobject\classobject\Debug\link-cvtres.read.1.tlog
c:\Users\maganv\documents\visual studio 2010\Projects\classobject\classobject\Debug\link-cvtres.write.1.tlog
c:\Users\maganv\documents\visual studio 2010\Projects\classobject\classobject\Debug\mt.command.1.tlog
c:\Users\maganv\documents\visual studio 2010\Projects\classobject\classobject\Debug\mt.read.1.tlog
c:\Users\maganv\documents\visual studio 2010\Projects\classobject\classobject\Debug\mt.write.1.tlog
c:\Users\maganv\documents\visual studio 2010\Projects\classobject\classobject\Debug\rc.command.1.tlog
c:\Users\maganv\documents\visual studio 2010\Projects\classobject\classobject\Debug\rc.read.1.tlog
c:\Users\maganv\documents\visual studio 2010\Projects\classobject\classobject\Debug\rc.write.1.tlog
C:\USERS\MAGANV\DOCUMENTS\VISUAL STUDIO 2010\PROJECTS\CLASSOBJECT\CLASSOBJECT\DEBUG\STDAFX.OBJ
c:\Users\maganv\documents\visual studio 2010\Projects\classobject\classobject\Debug\vc100.idb
C:\USERS\MAGANV\DOCUMENTS\VISUAL STUDIO 2010\PROJECTS\CLASSOBJECT\CLASSOBJECT\DEBUG\VC100.PDB
C:\USERS\MAGANV\DOCUMENTS\VISUAL STUDIO 2010\PROJECTS\CLASSOBJECT\DEBUG\CLASSOBJECT.EXE
C:\USERS\MAGANV\DOCUMENTS\VISUAL STUDIO 2010\PROJECTS\CLASSOBJECT\DEBUG\CLASSOBJECT.ILK
C:\USERS\MAGANV\DOCUMENTS\VISUAL STUDIO 2010\PROJECTS\CLASSOBJECT\DEBUG\CLASSOBJECT.PDB
